<?xml version="1.0" encoding="UTF-8"?>
<!-- Generated by org.testng.reporters.JUnitReportReporter -->
<testsuite skipped="0" hostname="DESKTOP-377EF79" name="MavenProject.MavenTestProject.InvalidLogin" tests="1" failures="0" timestamp="21 Feb 2018 13:19:51 GMT" time="5.708" errors="0">
  <testcase name="testInvalidLogin" time="5.708" classname="MavenProject.MavenTestProject.InvalidLogin"/>
</testsuite> <!-- MavenProject.MavenTestProject.InvalidLogin -->
