<?xml version="1.0" encoding="UTF-8"?>
<!-- Generated by org.testng.reporters.JUnitReportReporter -->
<testsuite skipped="0" hostname="DESKTOP-377EF79" name="MavenProject.MavenTestProject.InvalidLogin" tests="1" failures="0" timestamp="01 Mar 2018 05:31:22 GMT" time="6.665" errors="0">
  <testcase name="testInvalidLogin" time="6.665" classname="MavenProject.MavenTestProject.InvalidLogin"/>
</testsuite> <!-- MavenProject.MavenTestProject.InvalidLogin -->
