<?xml version="1.0" encoding="UTF-8"?>
<!-- Generated by org.testng.reporters.JUnitReportReporter -->
<testsuite skipped="1" hostname="DESKTOP-377EF79" name="MavenProject.MavenTestProject.InvalidLogin" tests="1" failures="0" timestamp="22 Feb 2018 15:48:24 GMT" time="3.754" errors="0">
  <testcase name="testInvalidLogin" time="3.754" classname="MavenProject.MavenTestProject.InvalidLogin">
    <skipped/>
  </testcase> <!-- testInvalidLogin -->
</testsuite> <!-- MavenProject.MavenTestProject.InvalidLogin -->
